<?xml version="1.0" encoding="UTF-8"?>
<testng-results skipped="0" failed="0" ignored="0" total="1" passed="1">
  <reporter-output>
  </reporter-output>
  <suite name="Suite" duration-ms="20718" started-at="2020-05-14T20:49:02 IST" finished-at="2020-05-14T20:49:22 IST">
    <groups>
      <group name="cucumber">
        <method signature="AbstractTestNGCucumberTests.runScenario(io.cucumber.testng.PickleWrapper, io.cucumber.testng.FeatureWrapper)[pri:0, instance:runner.TestRunner@701fc37a]" name="runScenario" class="io.cucumber.testng.AbstractTestNGCucumberTests"/>
      </group> <!-- cucumber -->
    </groups>
    <test name="Test" duration-ms="20718" started-at="2020-05-14T20:49:02 IST" finished-at="2020-05-14T20:49:22 IST">
      <class name="webApplication.testingFramework.common.baseFunctions">
        <test-method status="PASS" signature="openBrowser()[pri:0, instance:webApplication.testingFramework.common.baseFunctions@365c30cc]" name="openBrowser" is-config="true" duration-ms="7302" started-at="2020-05-14T20:48:54 IST" finished-at="2020-05-14T20:49:02 IST">
          <reporter-output>
          </reporter-output>
        </test-method> <!-- openBrowser -->
        <test-method status="PASS" signature="closeBrowser()[pri:0, instance:webApplication.testingFramework.common.baseFunctions@365c30cc]" name="closeBrowser" is-config="true" duration-ms="1922" started-at="2020-05-14T20:49:22 IST" finished-at="2020-05-14T20:49:24 IST">
          <reporter-output>
          </reporter-output>
        </test-method> <!-- closeBrowser -->
      </class> <!-- webApplication.testingFramework.common.baseFunctions -->
      <class name="runner.TestRunner">
        <test-method status="PASS" signature="setUpClass()[pri:0, instance:runner.TestRunner@701fc37a]" name="setUpClass" is-config="true" duration-ms="407" started-at="2020-05-14T20:49:02 IST" finished-at="2020-05-14T20:49:02 IST">
          <reporter-output>
          </reporter-output>
        </test-method> <!-- setUpClass -->
        <test-method status="PASS" signature="runScenario(io.cucumber.testng.PickleWrapper, io.cucumber.testng.FeatureWrapper)[pri:0, instance:runner.TestRunner@701fc37a]" name="runScenario" duration-ms="20184" started-at="2020-05-14T20:49:02 IST" description="Runs Cucumber Scenarios" data-provider="scenarios" finished-at="2020-05-14T20:49:22 IST">
          <params>
            <param index="0">
              <value>
                <![CDATA["To validate Login functionality"]]>
              </value>
            </param>
            <param index="1">
              <value>
                <![CDATA["To test first Testing Framework"]]>
              </value>
            </param>
          </params>
          <reporter-output>
          </reporter-output>
        </test-method> <!-- runScenario -->
        <test-method status="PASS" signature="tearDownClass()[pri:0, instance:runner.TestRunner@701fc37a]" name="tearDownClass" is-config="true" duration-ms="84" started-at="2020-05-14T20:49:22 IST" finished-at="2020-05-14T20:49:22 IST">
          <reporter-output>
          </reporter-output>
        </test-method> <!-- tearDownClass -->
      </class> <!-- runner.TestRunner -->
    </test> <!-- Test -->
  </suite> <!-- Suite -->
</testng-results>
