<?xml version="1.0" encoding="UTF-8"?>
<testng-results skipped="0" failed="0" ignored="0" total="1" passed="1">
  <reporter-output>
  </reporter-output>
  <suite name="Default suite" duration-ms="5818" started-at="2020-05-14T13:35:25 IST" finished-at="2020-05-14T13:35:31 IST">
    <groups>
      <group name="cucumber">
        <method signature="AbstractTestNGCucumberTests.runScenario(io.cucumber.testng.PickleWrapper, io.cucumber.testng.FeatureWrapper)[pri:0, instance:runner.TestRunner@45afc369]" name="runScenario" class="io.cucumber.testng.AbstractTestNGCucumberTests"/>
      </group> <!-- cucumber -->
    </groups>
    <test name="Default test" duration-ms="5818" started-at="2020-05-14T13:35:25 IST" finished-at="2020-05-14T13:35:31 IST">
      <class name="runner.TestRunner">
        <test-method status="PASS" signature="setUpClass()[pri:0, instance:runner.TestRunner@45afc369]" name="setUpClass" is-config="true" duration-ms="403" started-at="2020-05-14T13:35:25 IST" finished-at="2020-05-14T13:35:25 IST">
          <reporter-output>
          </reporter-output>
        </test-method> <!-- setUpClass -->
        <test-method status="PASS" signature="runScenario(io.cucumber.testng.PickleWrapper, io.cucumber.testng.FeatureWrapper)[pri:0, instance:runner.TestRunner@45afc369]" name="runScenario" duration-ms="5219" started-at="2020-05-14T13:35:25 IST" description="Runs Cucumber Scenarios" data-provider="scenarios" finished-at="2020-05-14T13:35:31 IST">
          <params>
            <param index="0">
              <value>
                <![CDATA["To validate Login functionality"]]>
              </value>
            </param>
            <param index="1">
              <value>
                <![CDATA["To test first Testing Framework"]]>
              </value>
            </param>
          </params>
          <reporter-output>
          </reporter-output>
        </test-method> <!-- runScenario -->
        <test-method status="PASS" signature="tearDownClass()[pri:0, instance:runner.TestRunner@45afc369]" name="tearDownClass" is-config="true" duration-ms="138" started-at="2020-05-14T13:35:31 IST" finished-at="2020-05-14T13:35:31 IST">
          <reporter-output>
          </reporter-output>
        </test-method> <!-- tearDownClass -->
      </class> <!-- runner.TestRunner -->
    </test> <!-- Default test -->
  </suite> <!-- Default suite -->
</testng-results>
